0 info it worked if it ends with ok
1 verbose cli [ 'node',
1 verbose cli   '/Users/AkihiroSutoh/.nodebrew/current/bin/npm',
1 verbose cli   'install' ]
2 info using npm@2.14.0
3 info using node@v0.12.7
4 verbose node symlink /Users/AkihiroSutoh/.nodebrew/current/bin/node
5 verbose readDependencies loading dependencies from /Users/AkihiroSutoh/project/shu-bot/package.json
6 verbose install where, deps [ '/Users/AkihiroSutoh/project/shu-bot',
6 verbose install   [ 'hubot',
6 verbose install     'hubot-diagnostics',
6 verbose install     'hubot-google-images',
6 verbose install     'hubot-google-translate',
6 verbose install     'hubot-hello-world',
6 verbose install     'hubot-help',
6 verbose install     'hubot-heroku-keepalive',
6 verbose install     'hubot-maps',
6 verbose install     'hubot-pugme',
6 verbose install     'hubot-redis-brain',
6 verbose install     'hubot-rules',
6 verbose install     'hubot-scripts',
6 verbose install     'hubot-shipit',
6 verbose install     'hubot-slack' ] ]
7 verbose install where, peers [ '/Users/AkihiroSutoh/project/shu-bot', [] ]
8 verbose installManyTop reading for lifecycle /Users/AkihiroSutoh/project/shu-bot/package.json
9 info preinstall shu-bot@0.0.0
10 verbose installManyTop reading scoped package data from /Users/AkihiroSutoh/project/shu-bot/node_modules/hubot/package.json
11 verbose installManyTop reading scoped package data from /Users/AkihiroSutoh/project/shu-bot/node_modules/hubot-diagnostics/package.json
12 verbose installManyTop reading scoped package data from /Users/AkihiroSutoh/project/shu-bot/node_modules/hubot-google-images/package.json
13 verbose installManyTop reading scoped package data from /Users/AkihiroSutoh/project/shu-bot/node_modules/hubot-google-translate/package.json
14 verbose installManyTop reading scoped package data from /Users/AkihiroSutoh/project/shu-bot/node_modules/hubot-help/package.json
15 verbose installManyTop reading scoped package data from /Users/AkihiroSutoh/project/shu-bot/node_modules/hubot-heroku-keepalive/package.json
16 verbose installManyTop reading scoped package data from /Users/AkihiroSutoh/project/shu-bot/node_modules/hubot-maps/package.json
17 verbose installManyTop reading scoped package data from /Users/AkihiroSutoh/project/shu-bot/node_modules/hubot-pugme/package.json
18 verbose installManyTop reading scoped package data from /Users/AkihiroSutoh/project/shu-bot/node_modules/hubot-redis-brain/package.json
19 verbose installManyTop reading scoped package data from /Users/AkihiroSutoh/project/shu-bot/node_modules/hubot-rules/package.json
20 verbose installManyTop reading scoped package data from /Users/AkihiroSutoh/project/shu-bot/node_modules/hubot-scripts/package.json
21 verbose installManyTop reading scoped package data from /Users/AkihiroSutoh/project/shu-bot/node_modules/hubot-shipit/package.json
22 verbose installManyTop reading scoped package data from /Users/AkihiroSutoh/project/shu-bot/node_modules/hubot-slack/package.json
23 info package.json hubot-scripts@2.16.2 No license field.
24 info package.json hubot-slack@3.3.0 No license field.
25 verbose readDependencies loading dependencies from /Users/AkihiroSutoh/project/shu-bot/package.json
26 verbose targetResolver reading package data from /Users/AkihiroSutoh/project/shu-bot/node_modules/hubot/package.json
27 verbose targetResolver reading package data from /Users/AkihiroSutoh/project/shu-bot/node_modules/hubot-diagnostics/package.json
28 verbose targetResolver reading package data from /Users/AkihiroSutoh/project/shu-bot/node_modules/hubot-google-images/package.json
29 verbose targetResolver reading package data from /Users/AkihiroSutoh/project/shu-bot/node_modules/hubot-google-translate/package.json
30 verbose targetResolver reading package data from /Users/AkihiroSutoh/project/shu-bot/node_modules/hubot-help/package.json
31 verbose targetResolver reading package data from /Users/AkihiroSutoh/project/shu-bot/node_modules/hubot-heroku-keepalive/package.json
32 verbose targetResolver reading package data from /Users/AkihiroSutoh/project/shu-bot/node_modules/hubot-maps/package.json
33 verbose targetResolver reading package data from /Users/AkihiroSutoh/project/shu-bot/node_modules/hubot-pugme/package.json
34 verbose targetResolver reading package data from /Users/AkihiroSutoh/project/shu-bot/node_modules/hubot-redis-brain/package.json
35 verbose targetResolver reading package data from /Users/AkihiroSutoh/project/shu-bot/node_modules/hubot-rules/package.json
36 verbose targetResolver reading package data from /Users/AkihiroSutoh/project/shu-bot/node_modules/hubot-scripts/package.json
37 verbose targetResolver reading package data from /Users/AkihiroSutoh/project/shu-bot/node_modules/hubot-shipit/package.json
38 verbose targetResolver reading package data from /Users/AkihiroSutoh/project/shu-bot/node_modules/hubot-slack/package.json
39 verbose targetResolver reading package data from /Users/AkihiroSutoh/project/shu-bot/node_modules/.bin/hubot/package.json
40 verbose already installed skipping hubot@^2.15.0 /Users/AkihiroSutoh/project/shu-bot
41 verbose already installed skipping hubot-diagnostics@0.0.1 /Users/AkihiroSutoh/project/shu-bot
42 verbose already installed skipping hubot-google-images@^0.2.1 /Users/AkihiroSutoh/project/shu-bot
43 verbose already installed skipping hubot-google-translate@^0.2.0 /Users/AkihiroSutoh/project/shu-bot
44 silly cache add args [ 'hubot-hello-world@git://github.com/hanaseleb/hubot-hello-world.git',
44 silly cache add   null ]
45 verbose cache add spec hubot-hello-world@git://github.com/hanaseleb/hubot-hello-world.git
46 silly cache add parsed spec { raw: 'hubot-hello-world@git://github.com/hanaseleb/hubot-hello-world.git',
46 silly cache add   scope: null,
46 silly cache add   name: 'hubot-hello-world',
46 silly cache add   rawSpec: 'git://github.com/hanaseleb/hubot-hello-world.git',
46 silly cache add   spec: 'git://github.com/hanaseleb/hubot-hello-world.git',
46 silly cache add   type: 'hosted',
46 silly cache add   hosted:
46 silly cache add    { type: 'github',
46 silly cache add      ssh: 'git@github.com:hanaseleb/hubot-hello-world.git',
46 silly cache add      sshUrl: 'git+ssh://git@github.com/hanaseleb/hubot-hello-world.git',
46 silly cache add      httpsUrl: 'git+https://github.com/hanaseleb/hubot-hello-world.git',
46 silly cache add      gitUrl: 'git://github.com/hanaseleb/hubot-hello-world.git',
46 silly cache add      shortcut: 'github:hanaseleb/hubot-hello-world',
46 silly cache add      directUrl: 'https://raw.githubusercontent.com/hanaseleb/hubot-hello-world/master/package.json' } }
47 verbose addRemoteGit caching git://github.com/hanaseleb/hubot-hello-world.git
48 verbose addRemoteGit git://github.com/hanaseleb/hubot-hello-world.git is a repository hosted by github
49 silly tryClone cloning git://github.com/hanaseleb/hubot-hello-world.git via git://github.com/hanaseleb/hubot-hello-world.git
50 verbose tryClone git-github-com-hanaseleb-hubot-hello-world-git-bf96e270 not in flight; caching
51 info git [ 'clone',
51 info git   '--template=/Users/AkihiroSutoh/.npm/_git-remotes/_templates',
51 info git   '--mirror',
51 info git   'git://github.com/hanaseleb/hubot-hello-world.git',
51 info git   '/Users/AkihiroSutoh/.npm/_git-remotes/git-github-com-hanaseleb-hubot-hello-world-git-bf96e270' ]
52 verbose already installed skipping hubot-help@^0.1.1 /Users/AkihiroSutoh/project/shu-bot
53 verbose already installed skipping hubot-heroku-keepalive@0.0.4 /Users/AkihiroSutoh/project/shu-bot
54 verbose already installed skipping hubot-maps@0.0.2 /Users/AkihiroSutoh/project/shu-bot
55 verbose already installed skipping hubot-pugme@^0.1.0 /Users/AkihiroSutoh/project/shu-bot
56 verbose already installed skipping hubot-redis-brain@0.0.3 /Users/AkihiroSutoh/project/shu-bot
57 verbose already installed skipping hubot-rules@^0.1.1 /Users/AkihiroSutoh/project/shu-bot
58 verbose already installed skipping hubot-scripts@^2.16.2 /Users/AkihiroSutoh/project/shu-bot
59 verbose already installed skipping hubot-shipit@^0.2.0 /Users/AkihiroSutoh/project/shu-bot
60 verbose already installed skipping hubot-slack@^3.3.0 /Users/AkihiroSutoh/project/shu-bot
61 error git clone --template=/Users/AkihiroSutoh/.npm/_git-remotes/_templates --mirror git://github.com/hanaseleb/hubot-hello-world.git /Users/AkihiroSutoh/.npm/_git-remotes/git-github-com-hanaseleb-hubot-hello-world-git-bf96e270: Cloning into bare repository '/Users/AkihiroSutoh/.npm/_git-remotes/git-github-com-hanaseleb-hubot-hello-world-git-bf96e270'...
61 error git clone --template=/Users/AkihiroSutoh/.npm/_git-remotes/_templates --mirror git://github.com/hanaseleb/hubot-hello-world.git /Users/AkihiroSutoh/.npm/_git-remotes/git-github-com-hanaseleb-hubot-hello-world-git-bf96e270: fatal: remote error:
61 error git clone --template=/Users/AkihiroSutoh/.npm/_git-remotes/_templates --mirror git://github.com/hanaseleb/hubot-hello-world.git /Users/AkihiroSutoh/.npm/_git-remotes/git-github-com-hanaseleb-hubot-hello-world-git-bf96e270:   Repository not found.
62 verbose stack Error: Command failed: git clone --template=/Users/AkihiroSutoh/.npm/_git-remotes/_templates --mirror git://github.com/hanaseleb/hubot-hello-world.git /Users/AkihiroSutoh/.npm/_git-remotes/git-github-com-hanaseleb-hubot-hello-world-git-bf96e270
62 verbose stack Cloning into bare repository '/Users/AkihiroSutoh/.npm/_git-remotes/git-github-com-hanaseleb-hubot-hello-world-git-bf96e270'...
62 verbose stack fatal: remote error:
62 verbose stack   Repository not found.
62 verbose stack
62 verbose stack     at ChildProcess.exithandler (child_process.js:751:12)
62 verbose stack     at ChildProcess.emit (events.js:110:17)
62 verbose stack     at maybeClose (child_process.js:1015:16)
62 verbose stack     at Socket.<anonymous> (child_process.js:1183:11)
62 verbose stack     at Socket.emit (events.js:107:17)
62 verbose stack     at Pipe.close (net.js:485:12)
63 verbose cwd /Users/AkihiroSutoh/project/shu-bot
64 error Darwin 14.5.0
65 error argv "node" "/Users/AkihiroSutoh/.nodebrew/current/bin/npm" "install"
66 error node v0.12.7
67 error npm  v2.14.0
68 error code 128
69 error Command failed: git clone --template=/Users/AkihiroSutoh/.npm/_git-remotes/_templates --mirror git://github.com/hanaseleb/hubot-hello-world.git /Users/AkihiroSutoh/.npm/_git-remotes/git-github-com-hanaseleb-hubot-hello-world-git-bf96e270
69 error Cloning into bare repository '/Users/AkihiroSutoh/.npm/_git-remotes/git-github-com-hanaseleb-hubot-hello-world-git-bf96e270'...
69 error fatal: remote error:
69 error   Repository not found.
70 error If you need help, you may report this error at:
70 error     <https://github.com/npm/npm/issues>
71 verbose exit [ 1, true ]
